以下是优化后的源代码文件字符串：

```gnu-agpl-3.0
GNU AFFERO GENERAL PUBLIC LICENSE
Version 3, 19 November 2007

 Copyright (C) 2007 Free Software Foundation, Inc. <https://fsf.org/>
 Everyone is permitted to copy and distribute verbatim copies
 of this license document, but changing it is not allowed.

 Preamble

  The GNU Affero General Public License is a free, copyleft license for
 software and other kinds of works, specifically designed to ensure
 cooperation with the community in the case of network server software.

  The licenses for most software and other practical works are designed
 to take away your freedom to share and change the works.  By contrast,
 our General Public Licenses are intended to guarantee your freedom to
 share and change all versions of a program--to make sure it remains free
 software for all its users.

  When we speak of free software, we are referring to freedom, not
 price.  Our General Public Licenses are designed to make sure that you
```

以下是一段实现登录流程的伪代码：

```python
# 登录流程伪代码

# 用户输入用户名和密码
username = input("请输入用户名：")
password = input("请输入密码：")

# 校验用户名和密码
def check_credentials(username, password):
    # 假设有一个存储用户名和密码的字典
    credentials = {
        "admin": "admin123",
        "user1": "password1"
    }
    
    # 检查用户名是否存在
    if username in credentials:
        # 检查密码是否正确
        if credentials[username] == password:
            return True
        else:
            print("密码错误")
            return False
    else:
        print("用户名不存在")
        return False

# 执行登录校验
if check_credentials(username, password):
    print("登录成功")
    # 执行登录成功后的操作
else:
    print("登录失败")
```

这段伪代码实现了一个简单的登录流程，包括用户输入用户名和密码、校验用户名和密码是否正确，并给出相应的提示信息。可以根据实际需求进一步扩展和完善。